[debug] [2020-12-16T12:35:12.121Z] ----------------------------------------------------------------------
[debug] [2020-12-16T12:35:12.122Z] Command:       C:\Program Files\nodejs\node.exe C:\Users\s2000574\AppData\Roaming\npm\node_modules\firebase-tools\lib\bin\firebase.js init
[debug] [2020-12-16T12:35:12.123Z] CLI Version:   8.19.0
[debug] [2020-12-16T12:35:12.123Z] Platform:      win32
[debug] [2020-12-16T12:35:12.123Z] Node Version:  v14.15.1
[debug] [2020-12-16T12:35:12.124Z] Time:          Wed Dec 16 2020 14:35:12 GMT+0200 (Eastern European Standard Time)
[debug] [2020-12-16T12:35:12.124Z] ----------------------------------------------------------------------
[debug] [2020-12-16T12:35:12.124Z] 
[debug] [2020-12-16T12:35:12.130Z] > command requires scopes: ["email","openid","https://www.googleapis.com/auth/cloudplatformprojects.readonly","https://www.googleapis.com/auth/firebase","https://www.googleapis.com/auth/cloud-platform"]
[debug] [2020-12-16T12:35:12.130Z] > authorizing via signed-in user
[info] 
     ######## #### ########  ######## ########     ###     ######  ########
     ##        ##  ##     ## ##       ##     ##  ##   ##  ##       ##
     ######    ##  ########  ######   ########  #########  ######  ######
     ##        ##  ##    ##  ##       ##     ## ##     ##       ## ##
     ##       #### ##     ## ######## ########  ##     ##  ######  ########

You're about to initialize a Firebase project in this directory:

  c:\Tiedostot\portfolio\ohjelmiston-toteuttaminen-ohjelmistokomponenttikirjastolla\angular-perusteet\hello-cli

Before we get started, keep in mind:

  * You are currently outside your home directory

[info] 
=== Project Setup
[info] 
[info] First, let's associate this project directory with a Firebase project.
[info] You can create multiple project aliases by running firebase use --add, 
[info] but for now we'll just set up a default project.
[info] 
[debug] [2020-12-16T12:35:29.467Z] >>> HTTP REQUEST GET https://firebase.googleapis.com/v1beta1/projects?pageSize=100  
 
[debug] [2020-12-16T12:35:29.900Z] <<< HTTP RESPONSE 200 {"content-type":"application/json; charset=UTF-8","vary":"X-Origin, Referer, Origin,Accept-Encoding","date":"Wed, 16 Dec 2020 12:35:29 GMT","server":"ESF","cache-control":"private","x-xss-protection":"0","x-frame-options":"SAMEORIGIN","x-content-type-options":"nosniff","alt-svc":"h3-29=\":443\"; ma=2592000,h3-T051=\":443\"; ma=2592000,h3-Q050=\":443\"; ma=2592000,h3-Q046=\":443\"; ma=2592000,h3-Q043=\":443\"; ma=2592000,quic=\":443\"; ma=2592000; v=\"46,43\"","accept-ranges":"none","transfer-encoding":"chunked"}
[info] i  Using project hello-cli-4d2e9 (Hello-cli) 
[info] 
=== Hosting Setup
[info] 
[info] Your public directory is the folder (relative to your project directory) that
[info] will contain Hosting assets to be uploaded with firebase deploy. If you
[info] have a build process for your assets, use your build's output directory.
[info] 
